 WARN [2019-01-25 22:01:25,492] ({main} ZeppelinConfiguration.java[create]:97) - Failed to load configuration, proceeding with a default
 INFO [2019-01-25 22:01:25,589] ({main} ZeppelinConfiguration.java[create]:109) - Server Host: 0.0.0.0
 INFO [2019-01-25 22:01:25,593] ({main} ZeppelinConfiguration.java[create]:111) - Server Port: 8080
 INFO [2019-01-25 22:01:25,595] ({main} ZeppelinConfiguration.java[create]:115) - Context Path: /
 INFO [2019-01-25 22:01:25,612] ({main} ZeppelinConfiguration.java[create]:116) - Zeppelin Version: 0.7.3
 INFO [2019-01-25 22:01:25,682] ({main} Log.java[initialized]:186) - Logging initialized @1308ms
 INFO [2019-01-25 22:01:25,885] ({main} ZeppelinServer.java[setupWebAppContext]:346) - ZeppelinServer Webapp path: /zeppelin/webapps
 INFO [2019-01-25 22:01:26,438] ({main} ZeppelinServer.java[main]:187) - Starting zeppelin server
 INFO [2019-01-25 22:01:26,443] ({main} Server.java[doStart]:327) - jetty-9.2.15.v20160210
 INFO [2019-01-25 22:01:32,669] ({main} StandardDescriptorProcessor.java[visitServlet]:297) - NO JSP Support for /, did not find org.eclipse.jetty.jsp.JettyJspServlet
 WARN [2019-01-25 22:01:33,358] ({main} Helium.java[loadConf]:101) - /zeppelin/conf/helium.json does not exists
 WARN [2019-01-25 22:01:36,605] ({main} Interpreter.java[register]:406) - Static initialization is deprecated for interpreter sql, You should change it to use interpreter-setting.json in your jar or interpreter/{interpreter}/interpreter-setting.json
 INFO [2019-01-25 22:01:36,608] ({main} InterpreterSettingManager.java[init]:305) - Interpreter psql.sql found. class=org.apache.zeppelin.postgresql.PostgreSqlInterpreter
 INFO [2019-01-25 22:01:37,510] ({main} InterpreterSettingManager.java[init]:337) - InterpreterSettingRef name ignite
 INFO [2019-01-25 22:01:37,511] ({main} InterpreterSettingManager.java[init]:337) - InterpreterSettingRef name python
 INFO [2019-01-25 22:01:37,512] ({main} InterpreterSettingManager.java[init]:337) - InterpreterSettingRef name jdbc
 INFO [2019-01-25 22:01:37,515] ({main} InterpreterSettingManager.java[init]:337) - InterpreterSettingRef name psql
 INFO [2019-01-25 22:01:37,519] ({main} InterpreterSettingManager.java[init]:337) - InterpreterSettingRef name lens
 INFO [2019-01-25 22:01:37,520] ({main} InterpreterSettingManager.java[init]:337) - InterpreterSettingRef name pig
 INFO [2019-01-25 22:01:37,520] ({main} InterpreterSettingManager.java[init]:337) - InterpreterSettingRef name flink
 INFO [2019-01-25 22:01:37,521] ({main} InterpreterSettingManager.java[init]:337) - InterpreterSettingRef name angular
 INFO [2019-01-25 22:01:37,522] ({main} InterpreterSettingManager.java[init]:337) - InterpreterSettingRef name livy
 INFO [2019-01-25 22:01:37,523] ({main} InterpreterSettingManager.java[init]:337) - InterpreterSettingRef name file
 INFO [2019-01-25 22:01:37,524] ({main} InterpreterSettingManager.java[init]:337) - InterpreterSettingRef name elasticsearch
 INFO [2019-01-25 22:01:37,524] ({main} InterpreterSettingManager.java[init]:337) - InterpreterSettingRef name spark
 INFO [2019-01-25 22:01:37,525] ({main} InterpreterSettingManager.java[init]:337) - InterpreterSettingRef name cassandra
 INFO [2019-01-25 22:01:37,526] ({main} InterpreterSettingManager.java[init]:337) - InterpreterSettingRef name sh
 INFO [2019-01-25 22:01:37,526] ({main} InterpreterSettingManager.java[init]:337) - InterpreterSettingRef name md
 INFO [2019-01-25 22:01:37,527] ({main} InterpreterSettingManager.java[init]:337) - InterpreterSettingRef name alluxio
 INFO [2019-01-25 22:01:37,528] ({main} InterpreterSettingManager.java[init]:337) - InterpreterSettingRef name bigquery
 INFO [2019-01-25 22:01:37,528] ({main} InterpreterSettingManager.java[init]:337) - InterpreterSettingRef name hbase
 INFO [2019-01-25 22:01:37,529] ({main} InterpreterSettingManager.java[init]:337) - InterpreterSettingRef name kylin
 INFO [2019-01-25 22:01:37,582] ({main} InterpreterSettingManager.java[init]:366) - InterpreterSetting group bigquery : id=2E1SKPBPP, name=bigquery
 INFO [2019-01-25 22:01:37,582] ({main} InterpreterSettingManager.java[init]:366) - InterpreterSetting group spark : id=2E2NXQW6A, name=spark
 INFO [2019-01-25 22:01:37,584] ({main} InterpreterSettingManager.java[init]:366) - InterpreterSetting group alluxio : id=2E1G4X4S4, name=alluxio
 INFO [2019-01-25 22:01:37,584] ({main} InterpreterSettingManager.java[init]:366) - InterpreterSetting group md : id=2E1RGECZ9, name=md
 INFO [2019-01-25 22:01:37,585] ({main} InterpreterSettingManager.java[init]:366) - InterpreterSetting group psql : id=2E3UU9QHV, name=psql
 INFO [2019-01-25 22:01:37,587] ({main} InterpreterSettingManager.java[init]:366) - InterpreterSetting group elasticsearch : id=2E3XWSMJQ, name=elasticsearch
 INFO [2019-01-25 22:01:37,588] ({main} InterpreterSettingManager.java[init]:366) - InterpreterSetting group lens : id=2E3H226ZU, name=lens
 INFO [2019-01-25 22:01:37,588] ({main} InterpreterSettingManager.java[init]:366) - InterpreterSetting group jdbc : id=2E4YCHHRU, name=jdbc
 INFO [2019-01-25 22:01:37,590] ({main} InterpreterSettingManager.java[init]:366) - InterpreterSetting group livy : id=2E547GUR2, name=livy
 INFO [2019-01-25 22:01:37,593] ({main} InterpreterSettingManager.java[init]:366) - InterpreterSetting group ignite : id=2E27499NH, name=ignite
 INFO [2019-01-25 22:01:37,594] ({main} InterpreterSettingManager.java[init]:366) - InterpreterSetting group angular : id=2E1F7XP5Z, name=angular
 INFO [2019-01-25 22:01:37,594] ({main} InterpreterSettingManager.java[init]:366) - InterpreterSetting group file : id=2E17SFUTJ, name=file
 INFO [2019-01-25 22:01:37,596] ({main} InterpreterSettingManager.java[init]:366) - InterpreterSetting group hbase : id=2E173V2CP, name=hbase
 INFO [2019-01-25 22:01:37,596] ({main} InterpreterSettingManager.java[init]:366) - InterpreterSetting group flink : id=2E52FY51Y, name=flink
 INFO [2019-01-25 22:01:37,597] ({main} InterpreterSettingManager.java[init]:366) - InterpreterSetting group python : id=2E313TWF6, name=python
 INFO [2019-01-25 22:01:37,597] ({main} InterpreterSettingManager.java[init]:366) - InterpreterSetting group cassandra : id=2E485TV3T, name=cassandra
 INFO [2019-01-25 22:01:37,598] ({main} InterpreterSettingManager.java[init]:366) - InterpreterSetting group kylin : id=2E4ZXJ37F, name=kylin
 INFO [2019-01-25 22:01:37,598] ({main} InterpreterSettingManager.java[init]:366) - InterpreterSetting group sh : id=2E3D44VY9, name=sh
 INFO [2019-01-25 22:01:37,599] ({main} InterpreterSettingManager.java[init]:366) - InterpreterSetting group pig : id=2E3HKMMB4, name=pig
 INFO [2019-01-25 22:01:37,614] ({main} InterpreterFactory.java[<init>]:130) - shiroEnabled: false
 INFO [2019-01-25 22:01:38,114] ({main} VfsLog.java[info]:138) - Using "/tmp/vfs_cache" as temporary files store.
 INFO [2019-01-25 22:01:38,455] ({main} GitNotebookRepo.java[<init>]:63) - Opening a git repo at '/notebook'
 INFO [2019-01-25 22:01:38,781] ({main} GitNotebookRepo.java[<init>]:66) - Git repo /notebook/.git does not exist, creating a new one
 INFO [2019-01-25 22:01:39,315] ({main} NotebookAuthorization.java[loadFromFile]:96) - /zeppelin/conf/notebook-authorization.json
 INFO [2019-01-25 22:01:39,317] ({main} Credentials.java[loadFromFile]:102) - /zeppelin/conf/credentials.json
 INFO [2019-01-25 22:01:39,555] ({main} StdSchedulerFactory.java[instantiate]:1184) - Using default implementation for ThreadExecutor
 INFO [2019-01-25 22:01:39,561] ({main} SimpleThreadPool.java[initialize]:268) - Job execution threads will use class loader of thread: main
 INFO [2019-01-25 22:01:39,617] ({main} SchedulerSignalerImpl.java[<init>]:61) - Initialized Scheduler Signaller of type: class org.quartz.core.SchedulerSignalerImpl
 INFO [2019-01-25 22:01:39,622] ({main} QuartzScheduler.java[<init>]:240) - Quartz Scheduler v.2.2.1 created.
 INFO [2019-01-25 22:01:39,624] ({main} RAMJobStore.java[initialize]:155) - RAMJobStore initialized.
 INFO [2019-01-25 22:01:39,626] ({main} QuartzScheduler.java[initialize]:305) - Scheduler meta-data: Quartz Scheduler (v2.2.1) 'DefaultQuartzScheduler' with instanceId 'NON_CLUSTERED'
  Scheduler class: 'org.quartz.core.QuartzScheduler' - running locally.
  NOT STARTED.
  Currently in standby mode.
  Number of jobs executed: 0
  Using thread pool 'org.quartz.simpl.SimpleThreadPool' - with 10 threads.
  Using job-store 'org.quartz.simpl.RAMJobStore' - which does not support persistence. and is not clustered.

 INFO [2019-01-25 22:01:39,626] ({main} StdSchedulerFactory.java[instantiate]:1339) - Quartz scheduler 'DefaultQuartzScheduler' initialized from default resource file in Quartz package: 'quartz.properties'
 INFO [2019-01-25 22:01:39,627] ({main} StdSchedulerFactory.java[instantiate]:1343) - Quartz scheduler version: 2.2.1
 INFO [2019-01-25 22:01:39,628] ({main} QuartzScheduler.java[start]:575) - Scheduler DefaultQuartzScheduler_$_NON_CLUSTERED started.
 INFO [2019-01-25 22:01:39,635] ({main} Notebook.java[<init>]:127) - Notebook indexing started...
 INFO [2019-01-25 22:01:39,653] ({main} LuceneSearch.java[addIndexDocs]:305) - Indexing 0 notebooks took 16ms
 INFO [2019-01-25 22:01:39,654] ({main} Notebook.java[<init>]:129) - Notebook indexing finished: 0 indexed in 0s
 INFO [2019-01-25 22:01:40,138] ({main} ServerImpl.java[initDestination]:94) - Setting the server's publish address to be /
 INFO [2019-01-25 22:01:42,809] ({main} ContextHandler.java[doStart]:744) - Started o.e.j.w.WebAppContext@17baae6e{/,file:/zeppelin/webapps/webapp/,AVAILABLE}{/zeppelin/zeppelin-web-0.7.3.war}
 INFO [2019-01-25 22:01:42,906] ({main} AbstractConnector.java[doStart]:266) - Started ServerConnector@4b7c4456{HTTP/1.1}{0.0.0.0:8080}
 INFO [2019-01-25 22:01:42,908] ({main} Server.java[doStart]:379) - Started @18562ms
 INFO [2019-01-25 22:01:42,908] ({main} ZeppelinServer.java[main]:197) - Done, zeppelin server started
 WARN [2019-01-25 22:02:09,194] ({qtp75457651-18} SecurityRestApi.java[ticket]:87) - {"status":"OK","message":"","body":{"principal":"anonymous","ticket":"anonymous","roles":"[]"}}
 INFO [2019-01-25 22:02:09,753] ({qtp75457651-13} NotebookServer.java[onOpen]:157) - New connection from 172.18.0.1 : 58012
 INFO [2019-01-25 22:13:15,231] ({qtp75457651-15} FolderView.java[onNoteNameChanged]:205) - Note name changed:  -> video_sample
 INFO [2019-01-25 22:13:15,236] ({qtp75457651-15} FolderView.java[createFolder]:107) - Create folder /
 INFO [2019-01-25 22:13:15,237] ({qtp75457651-15} Folder.java[setParent]:168) - Set parent of / to /
 INFO [2019-01-25 22:13:15,241] ({qtp75457651-15} Folder.java[addNote]:184) - Add note 2E1YQDHHQ to folder /
 INFO [2019-01-25 22:13:15,828] ({qtp75457651-12} NotebookServer.java[sendNote]:711) - New operation from 172.18.0.1 : 58012 : anonymous : GET_NOTE : 2E1YQDHHQ
 WARN [2019-01-25 22:13:16,425] ({qtp75457651-12} GitNotebookRepo.java[revisionHistory]:157) - No Head found for 2E1YQDHHQ, No HEAD exists and no explicit starting revision was specified
 INFO [2019-01-25 22:13:16,506] ({qtp75457651-18} InterpreterFactory.java[createInterpretersForNote]:188) - Create interpreter instance spark for note 2E1YQDHHQ
 INFO [2019-01-25 22:13:16,528] ({qtp75457651-18} InterpreterFactory.java[createInterpretersForNote]:221) - Interpreter org.apache.zeppelin.spark.SparkInterpreter 1257047730 created
 INFO [2019-01-25 22:13:16,532] ({qtp75457651-18} InterpreterFactory.java[createInterpretersForNote]:221) - Interpreter org.apache.zeppelin.spark.SparkSqlInterpreter 1046676180 created
 INFO [2019-01-25 22:13:16,542] ({qtp75457651-18} InterpreterFactory.java[createInterpretersForNote]:221) - Interpreter org.apache.zeppelin.spark.DepInterpreter 1244558923 created
 INFO [2019-01-25 22:13:16,544] ({qtp75457651-18} InterpreterFactory.java[createInterpretersForNote]:221) - Interpreter org.apache.zeppelin.spark.PySparkInterpreter 2050729714 created
 INFO [2019-01-25 22:13:16,548] ({qtp75457651-18} InterpreterFactory.java[createInterpretersForNote]:221) - Interpreter org.apache.zeppelin.spark.SparkRInterpreter 1489106833 created
 INFO [2019-01-25 22:14:05,652] ({qtp75457651-17} NotebookServer.java[sendNote]:711) - New operation from 172.18.0.1 : 58012 : anonymous : GET_NOTE : 2E1YQDHHQ
 WARN [2019-01-25 22:14:05,662] ({qtp75457651-17} GitNotebookRepo.java[revisionHistory]:157) - No Head found for 2E1YQDHHQ, No HEAD exists and no explicit starting revision was specified
 INFO [2019-01-25 22:14:21,119] ({qtp75457651-18} FolderView.java[onNoteNameChanged]:205) - Note name changed: video_sample -> ~Trash/video_sample
 INFO [2019-01-25 22:14:21,123] ({qtp75457651-18} Folder.java[removeNote]:199) - Remove note 2E1YQDHHQ from folder /
 INFO [2019-01-25 22:14:21,125] ({qtp75457651-18} FolderView.java[removeFolderIfEmpty]:142) - Folder / is empty
 INFO [2019-01-25 22:14:21,127] ({qtp75457651-18} FolderView.java[removeFolder]:129) - Remove folder /
 INFO [2019-01-25 22:14:21,128] ({qtp75457651-18} Folder.java[removeChild]:179) - Remove child / from /
 INFO [2019-01-25 22:14:21,129] ({qtp75457651-18} FolderView.java[createFolder]:107) - Create folder ~Trash
 INFO [2019-01-25 22:14:21,130] ({qtp75457651-18} FolderView.java[createFolder]:107) - Create folder /
 INFO [2019-01-25 22:14:21,132] ({qtp75457651-18} Folder.java[setParent]:168) - Set parent of / to /
 INFO [2019-01-25 22:14:21,133] ({qtp75457651-18} Folder.java[setParent]:168) - Set parent of ~Trash to /
 INFO [2019-01-25 22:14:21,133] ({qtp75457651-18} Folder.java[addNote]:184) - Add note 2E1YQDHHQ to folder ~Trash
 INFO [2019-01-25 22:14:21,343] ({qtp75457651-18} InterpreterGroup.java[close]:185) - Close interpreter group 2E547GUR2:shared_process for session: 
 INFO [2019-01-25 22:14:39,909] ({qtp75457651-17} FolderView.java[onNoteNameChanged]:205) - Note name changed:  -> /notebook/sample_video
 INFO [2019-01-25 22:14:39,910] ({qtp75457651-17} FolderView.java[createFolder]:107) - Create folder notebook
 INFO [2019-01-25 22:14:39,911] ({qtp75457651-17} Folder.java[setParent]:168) - Set parent of notebook to /
 INFO [2019-01-25 22:14:39,912] ({qtp75457651-17} Folder.java[addNote]:184) - Add note 2E3EWVVHR to folder notebook
 INFO [2019-01-25 22:14:39,956] ({qtp75457651-18} NotebookServer.java[sendNote]:711) - New operation from 172.18.0.1 : 58012 : anonymous : GET_NOTE : 2E3EWVVHR
 WARN [2019-01-25 22:14:39,987] ({qtp75457651-18} GitNotebookRepo.java[revisionHistory]:157) - No Head found for 2E3EWVVHR, No HEAD exists and no explicit starting revision was specified
 INFO [2019-01-25 22:16:53,271] ({qtp75457651-13} NotebookServer.java[broadcastNewParagraph]:647) - Broadcasting paragraph on run call instead of note.
 INFO [2019-01-25 22:16:53,369] ({pool-2-thread-2} SchedulerFactory.java[jobStarted]:131) - Job paragraph_1548454479908_-634014525 started by scheduler org.apache.zeppelin.interpreter.remote.RemoteInterpretershared_session1798288765
 INFO [2019-01-25 22:16:53,372] ({pool-2-thread-2} Paragraph.java[jobRun]:362) - run paragraph 20190125-221439_1913398289 using spark org.apache.zeppelin.interpreter.LazyOpenInterpreter@4aed06b2
 INFO [2019-01-25 22:16:53,390] ({pool-2-thread-2} RemoteInterpreterManagedProcess.java[start]:126) - Run interpreter process [/zeppelin/bin/interpreter.sh, -d, /zeppelin/interpreter/spark, -p, 45385, -l, /zeppelin/local-repo/2E2NXQW6A]
 INFO [2019-01-25 22:16:54,549] ({pool-2-thread-2} RemoteInterpreter.java[init]:221) - Create remote interpreter org.apache.zeppelin.spark.SparkInterpreter
 INFO [2019-01-25 22:16:55,242] ({pool-2-thread-2} RemoteInterpreter.java[pushAngularObjectRegistryToRemote]:551) - Push local angular object registry from ZeppelinServer to remote interpreter group 2E2NXQW6A:shared_process
 INFO [2019-01-25 22:16:55,280] ({pool-2-thread-2} RemoteInterpreter.java[init]:221) - Create remote interpreter org.apache.zeppelin.spark.SparkSqlInterpreter
 INFO [2019-01-25 22:16:55,292] ({pool-2-thread-2} RemoteInterpreter.java[init]:221) - Create remote interpreter org.apache.zeppelin.spark.DepInterpreter
 INFO [2019-01-25 22:16:55,300] ({pool-2-thread-2} RemoteInterpreter.java[init]:221) - Create remote interpreter org.apache.zeppelin.spark.PySparkInterpreter
 INFO [2019-01-25 22:16:55,337] ({pool-2-thread-2} RemoteInterpreter.java[init]:221) - Create remote interpreter org.apache.zeppelin.spark.SparkRInterpreter
 WARN [2019-01-25 22:17:50,854] ({pool-2-thread-2} NotebookServer.java[afterStatusChange]:2064) - Job 20190125-221439_1913398289 is finished, status: ERROR, exception: null, result: %text target_file: String = /data/video.csv
<console>:31: error: not found: value endPoint
         .csv(endPoint)
              ^

 INFO [2019-01-25 22:17:50,990] ({pool-2-thread-2} SchedulerFactory.java[jobFinished]:137) - Job paragraph_1548454479908_-634014525 finished by scheduler org.apache.zeppelin.interpreter.remote.RemoteInterpretershared_session1798288765
 INFO [2019-01-25 22:18:20,728] ({qtp75457651-13} NotebookServer.java[broadcastNewParagraph]:647) - Broadcasting paragraph on run call instead of note.
 INFO [2019-01-25 22:18:20,830] ({pool-2-thread-3} SchedulerFactory.java[jobStarted]:131) - Job paragraph_1548454613270_-838115332 started by scheduler org.apache.zeppelin.interpreter.remote.RemoteInterpretershared_session1798288765
 INFO [2019-01-25 22:18:20,841] ({pool-2-thread-3} Paragraph.java[jobRun]:362) - run paragraph 20190125-221653_1227379232 using sql org.apache.zeppelin.interpreter.LazyOpenInterpreter@3e6302d4
 WARN [2019-01-25 22:18:23,730] ({pool-2-thread-3} NotebookServer.java[afterStatusChange]:2064) - Job 20190125-221653_1227379232 is finished, status: ERROR, exception: null, result: %text Table or view not found: game_sales; line 1 pos 14
set zeppelin.spark.sql.stacktrace = true to see full stacktrace
 INFO [2019-01-25 22:18:23,949] ({pool-2-thread-3} SchedulerFactory.java[jobFinished]:137) - Job paragraph_1548454613270_-838115332 finished by scheduler org.apache.zeppelin.interpreter.remote.RemoteInterpretershared_session1798288765
 INFO [2019-01-25 22:19:21,906] ({pool-2-thread-2} SchedulerFactory.java[jobStarted]:131) - Job paragraph_1548454479908_-634014525 started by scheduler org.apache.zeppelin.interpreter.remote.RemoteInterpretershared_session1798288765
 INFO [2019-01-25 22:19:21,908] ({pool-2-thread-2} Paragraph.java[jobRun]:362) - run paragraph 20190125-221439_1913398289 using spark org.apache.zeppelin.interpreter.LazyOpenInterpreter@4aed06b2
 INFO [2019-01-25 22:19:35,752] ({pool-2-thread-2} NotebookServer.java[afterStatusChange]:2062) - Job 20190125-221439_1913398289 is finished successfully, status: FINISHED
 INFO [2019-01-25 22:19:35,928] ({pool-2-thread-2} SchedulerFactory.java[jobFinished]:137) - Job paragraph_1548454479908_-634014525 finished by scheduler org.apache.zeppelin.interpreter.remote.RemoteInterpretershared_session1798288765
 INFO [2019-01-25 22:21:51,922] ({pool-2-thread-3} SchedulerFactory.java[jobStarted]:131) - Job paragraph_1548454613270_-838115332 started by scheduler org.apache.zeppelin.interpreter.remote.RemoteInterpretershared_session1798288765
 INFO [2019-01-25 22:21:51,928] ({pool-2-thread-3} Paragraph.java[jobRun]:362) - run paragraph 20190125-221653_1227379232 using sql org.apache.zeppelin.interpreter.LazyOpenInterpreter@3e6302d4
 INFO [2019-01-25 22:21:57,591] ({pool-2-thread-3} NotebookServer.java[afterStatusChange]:2062) - Job 20190125-221653_1227379232 is finished successfully, status: FINISHED
 INFO [2019-01-25 22:21:57,660] ({pool-2-thread-3} SchedulerFactory.java[jobFinished]:137) - Job paragraph_1548454613270_-838115332 finished by scheduler org.apache.zeppelin.interpreter.remote.RemoteInterpretershared_session1798288765
 INFO [2019-01-25 22:28:13,451] ({qtp75457651-17} NotebookServer.java[sendNote]:711) - New operation from 172.18.0.1 : 58012 : anonymous : GET_NOTE : 2E3EWVVHR
 WARN [2019-01-25 22:28:13,463] ({qtp75457651-17} GitNotebookRepo.java[revisionHistory]:157) - No Head found for 2E3EWVVHR, No HEAD exists and no explicit starting revision was specified
